<?xml version="1.0" encoding="UTF-8"?>
<!-- Generated by org.testng.reporters.JUnitReportReporter -->
<testsuite hostname="SriniRepala" failures="0" tests="1" name="com.securitEase.api.test.CountryLanguagesTest" time="2.980" errors="0" timestamp="2025-10-06T19:09:19 SAST" skipped="0">
  <testcase classname="com.securitEase.api.test.CountryLanguagesTest" name="validateSouthAfricanSignLanguageRecognition" time="2.980">
    <system-out>
      <![CDATA[<b>South Africa Languages (from API):</b><br><pre>{afr=Afrikaans, eng=English, nbl=Southern Ndebele, nso=Northern Sotho, sot=Southern Sotho, ssw=Swazi, tsn=Tswana, tso=Tsonga, ven=Venda, xho=Xhosa, zul=Zulu}</pre>
<b>❌ Assertion Failed:</b> SASL not found in South Africa's language list.]]>
    </system-out>
  </testcase> <!-- validateSouthAfricanSignLanguageRecognition -->
  <system-out>
    <![CDATA[<b>South Africa Languages (from API):</b><br><pre>{afr=Afrikaans, eng=English, nbl=Southern Ndebele, nso=Northern Sotho, sot=Southern Sotho, ssw=Swazi, tsn=Tswana, tso=Tsonga, ven=Venda, xho=Xhosa, zul=Zulu}</pre>
<b>❌ Assertion Failed:</b> SASL not found in South Africa's language list.]]>
  </system-out>
</testsuite> <!-- com.securitEase.api.test.CountryLanguagesTest -->
