<?xml version="1.0" encoding="UTF-8"?>
<!-- Generated by org.testng.reporters.JUnitReportReporter -->
<testsuite hostname="SriniRepala" failures="0" tests="1" name="com.securitEase.api.test.UserApiTest" time="1.483" errors="0" timestamp="2025-10-06T15:20:24 SAST" skipped="0">
  <testcase classname="com.securitEase.api.test.UserApiTest" name="getUsersTest" time="1.483"/>
</testsuite> <!-- com.securitEase.api.test.UserApiTest -->
