<?xml version="1.0" encoding="UTF-8"?>
<!-- Generated by org.testng.reporters.JUnitReportReporter -->
<testsuite hostname="SriniRepala" failures="0" tests="1" name="com.securitEase.api.test.CountryCountTest" time="3.366" errors="0" timestamp="2025-10-06T18:55:53 SAST" skipped="0">
  <testcase classname="com.securitEase.api.test.CountryCountTest" name="validateNumberOfCountries" time="3.366">
    <system-out>
      <![CDATA[<b>API Endpoint:</b> https://restcountries.com/v3.1/all?fields=name
<b>Status Code:</b> 200
<b>Total Countries:</b> 250
<b>Country Names:</b><br><pre>Lithuania, Chile, Benin, Falkland Islands, Georgia, Cyprus, Ghana, Belgium, Cuba, Andorra, Argentina, El Salvador, Uzbekistan, Belize, Latvia, Ivory Coast, France, Northern Mariana Islands, Republic of the Congo, Bangladesh, Palau, Afghanistan, Ethiopia, New Caledonia, Turkmenistan, Jordan, Montserrat, Bulgaria, Saint Lucia, Senegal, Uruguay, Guinea-Bissau, Philippines, Tanzania, Isle of Man, Sudan, Sierra Leone, Chad, Vanuatu, Rwanda, Palestine, Togo, United Arab Emirates, Antarctica, Comoros, Kosovo, Moldova, Kyrgyzstan, Cape Verde, United States, Venezuela, Pitcairn Islands, Mayotte, Timor-Leste, Solomon Islands, Saint Pierre and Miquelon, Ecuador, Malta, Central African Republic, Tonga, Greece, Austria, Saint Kitts and Nevis, Nigeria, Niue, Czechia, San Marino, Caribbean Netherlands, Qatar, Wallis and Futuna, Guatemala, Tunisia, Bhutan, Macau, Saint Helena, Ascension and Tristan da Cunha, Samoa, Tajikistan, Western Sahara, Israel, Somalia, Saint Barthélemy, Guernsey, Turks and Caicos Islands, Finland, Lesotho, Russia, Ireland, Azerbaijan, Jamaica, Eswatini, Gabon, Cambodia, Saudi Arabia, Micronesia, North Korea, Equatorial Guinea, Greenland, Mexico, Brazil, Nauru, Iran, Angola, Aruba, Cocos (Keeling) Islands, Myanmar, Egypt, Italy, Australia, Botswana, Vatican City, Réunion, Liberia, Portugal, Anguilla, Syria, Denmark, Albania, Slovakia, Curaçao, Zambia, São Tomé and Príncipe, Bahamas, Netherlands, American Samoa, Bolivia, British Indian Ocean Territory, Germany, Eritrea, Estonia, Mali, Kuwait, DR Congo, Hungary, Libya, Montenegro, Paraguay, Peru, Burundi, Laos, South Sudan, Cayman Islands, North Macedonia, Morocco, Lebanon, Åland Islands, Guinea, Nicaragua, Guadeloupe, Sri Lanka, Heard Island and McDonald Islands, China, Bahrain, Marshall Islands, Ukraine, South Africa, Saint Vincent and the Grenadines, Seychelles, Dominican Republic, Indonesia, Malawi, Cameroon, Madagascar, Kiribati, Fiji, French Polynesia, Pakistan, Faroe Islands, Suriname, Djibouti, Gambia, Mongolia, Zimbabwe, Iceland, Haiti, Romania, Costa Rica, Croatia, Vietnam, South Korea, Norfolk Island, Canada, Liechtenstein, Monaco, Puerto Rico, Tuvalu, French Guiana, Saint Martin, Mauritius, South Georgia, Papua New Guinea, Kazakhstan, Malaysia, Uganda, Burkina Faso, Grenada, Singapore, Cook Islands, Maldives, Yemen, United States Virgin Islands, Jersey, Martinique, British Virgin Islands, Antigua and Barbuda, Panama, Thailand, Sweden, Algeria, Mozambique, Namibia, Barbados, Svalbard and Jan Mayen, Hong Kong, Honduras, Japan, United States Minor Outlying Islands, Guam, Sint Maarten, Belarus, Bermuda, Bosnia and Herzegovina, Gibraltar, Kenya, New Zealand, French Southern and Antarctic Lands, Tokelau, Guyana, Nepal, India, Trinidad and Tobago, Luxembourg, Switzerland, Taiwan, Iraq, Norway, Oman, United Kingdom, Dominica, Spain, Serbia, Slovenia, Armenia, Niger, Bouvet Island, Christmas Island, Colombia, Poland, Turkey, Brunei, Mauritania</pre>]]>
    </system-out>
  </testcase> <!-- validateNumberOfCountries -->
  <system-out>
    <![CDATA[<b>API Endpoint:</b> https://restcountries.com/v3.1/all?fields=name
<b>Status Code:</b> 200
<b>Total Countries:</b> 250
<b>Country Names:</b><br><pre>Lithuania, Chile, Benin, Falkland Islands, Georgia, Cyprus, Ghana, Belgium, Cuba, Andorra, Argentina, El Salvador, Uzbekistan, Belize, Latvia, Ivory Coast, France, Northern Mariana Islands, Republic of the Congo, Bangladesh, Palau, Afghanistan, Ethiopia, New Caledonia, Turkmenistan, Jordan, Montserrat, Bulgaria, Saint Lucia, Senegal, Uruguay, Guinea-Bissau, Philippines, Tanzania, Isle of Man, Sudan, Sierra Leone, Chad, Vanuatu, Rwanda, Palestine, Togo, United Arab Emirates, Antarctica, Comoros, Kosovo, Moldova, Kyrgyzstan, Cape Verde, United States, Venezuela, Pitcairn Islands, Mayotte, Timor-Leste, Solomon Islands, Saint Pierre and Miquelon, Ecuador, Malta, Central African Republic, Tonga, Greece, Austria, Saint Kitts and Nevis, Nigeria, Niue, Czechia, San Marino, Caribbean Netherlands, Qatar, Wallis and Futuna, Guatemala, Tunisia, Bhutan, Macau, Saint Helena, Ascension and Tristan da Cunha, Samoa, Tajikistan, Western Sahara, Israel, Somalia, Saint Barthélemy, Guernsey, Turks and Caicos Islands, Finland, Lesotho, Russia, Ireland, Azerbaijan, Jamaica, Eswatini, Gabon, Cambodia, Saudi Arabia, Micronesia, North Korea, Equatorial Guinea, Greenland, Mexico, Brazil, Nauru, Iran, Angola, Aruba, Cocos (Keeling) Islands, Myanmar, Egypt, Italy, Australia, Botswana, Vatican City, Réunion, Liberia, Portugal, Anguilla, Syria, Denmark, Albania, Slovakia, Curaçao, Zambia, São Tomé and Príncipe, Bahamas, Netherlands, American Samoa, Bolivia, British Indian Ocean Territory, Germany, Eritrea, Estonia, Mali, Kuwait, DR Congo, Hungary, Libya, Montenegro, Paraguay, Peru, Burundi, Laos, South Sudan, Cayman Islands, North Macedonia, Morocco, Lebanon, Åland Islands, Guinea, Nicaragua, Guadeloupe, Sri Lanka, Heard Island and McDonald Islands, China, Bahrain, Marshall Islands, Ukraine, South Africa, Saint Vincent and the Grenadines, Seychelles, Dominican Republic, Indonesia, Malawi, Cameroon, Madagascar, Kiribati, Fiji, French Polynesia, Pakistan, Faroe Islands, Suriname, Djibouti, Gambia, Mongolia, Zimbabwe, Iceland, Haiti, Romania, Costa Rica, Croatia, Vietnam, South Korea, Norfolk Island, Canada, Liechtenstein, Monaco, Puerto Rico, Tuvalu, French Guiana, Saint Martin, Mauritius, South Georgia, Papua New Guinea, Kazakhstan, Malaysia, Uganda, Burkina Faso, Grenada, Singapore, Cook Islands, Maldives, Yemen, United States Virgin Islands, Jersey, Martinique, British Virgin Islands, Antigua and Barbuda, Panama, Thailand, Sweden, Algeria, Mozambique, Namibia, Barbados, Svalbard and Jan Mayen, Hong Kong, Honduras, Japan, United States Minor Outlying Islands, Guam, Sint Maarten, Belarus, Bermuda, Bosnia and Herzegovina, Gibraltar, Kenya, New Zealand, French Southern and Antarctic Lands, Tokelau, Guyana, Nepal, India, Trinidad and Tobago, Luxembourg, Switzerland, Taiwan, Iraq, Norway, Oman, United Kingdom, Dominica, Spain, Serbia, Slovenia, Armenia, Niger, Bouvet Island, Christmas Island, Colombia, Poland, Turkey, Brunei, Mauritania</pre>]]>
  </system-out>
</testsuite> <!-- com.securitEase.api.test.CountryCountTest -->
